{"C:\\Users\\Raton\\Desktop\\cursuri_si_seminare\\MPP\\Equitas\\equitas-app\\src\\store\\useHorseStore.ts": {"path":"C:\\Users\\Raton\\Desktop\\cursuri_si_seminare\\MPP\\Equitas\\equitas-app\\src\\store\\useHorseStore.ts","statementMap":{"0":{"start":{"line":4,"column":31},"end":{"line":77,"column":null}},"1":{"start":{"line":79,"column":13},"end":{"line":79,"column":null}},"2":{"start":{"line":89,"column":13},"end":{"line":110,"column":3}},"3":{"start":{"line":89,"column":63},"end":{"line":110,"column":3}},"4":{"start":{"line":93,"column":4},"end":{"line":95,"column":7}},"5":{"start":{"line":93,"column":20},"end":{"line":94,"column":null}},"6":{"start":{"line":98,"column":4},"end":{"line":102,"column":7}},"7":{"start":{"line":98,"column":20},"end":{"line":101,"column":null}},"8":{"start":{"line":100,"column":8},"end":{"line":100,"column":null}},"9":{"start":{"line":105,"column":4},"end":{"line":107,"column":7}},"10":{"start":{"line":105,"column":20},"end":{"line":106,"column":null}},"11":{"start":{"line":106,"column":41},"end":{"line":106,"column":53}},"12":{"start":{"line":109,"column":24},"end":{"line":109,"column":null}},"13":{"start":{"line":109,"column":49},"end":{"line":109,"column":null}}},"fnMap":{"0":{"name":"(anonymous_0)","decl":{"start":{"line":89,"column":29},"end":{"line":89,"column":49}},"loc":{"start":{"line":89,"column":63},"end":{"line":110,"column":3}},"line":89},"1":{"name":"(anonymous_1)","decl":{"start":{"line":92,"column":2},"end":{"line":92,"column":13}},"loc":{"start":{"line":93,"column":4},"end":{"line":95,"column":7}},"line":93},"2":{"name":"(anonymous_2)","decl":{"start":{"line":93,"column":4},"end":{"line":93,"column":9}},"loc":{"start":{"line":93,"column":20},"end":{"line":94,"column":null}},"line":93},"3":{"name":"(anonymous_3)","decl":{"start":{"line":97,"column":2},"end":{"line":97,"column":16}},"loc":{"start":{"line":98,"column":4},"end":{"line":102,"column":7}},"line":98},"4":{"name":"(anonymous_4)","decl":{"start":{"line":98,"column":4},"end":{"line":98,"column":9}},"loc":{"start":{"line":98,"column":20},"end":{"line":101,"column":null}},"line":98},"5":{"name":"(anonymous_5)","decl":{"start":{"line":99,"column":27},"end":{"line":99,"column":32}},"loc":{"start":{"line":100,"column":8},"end":{"line":100,"column":null}},"line":100},"6":{"name":"(anonymous_6)","decl":{"start":{"line":104,"column":2},"end":{"line":104,"column":16}},"loc":{"start":{"line":105,"column":4},"end":{"line":107,"column":7}},"line":105},"7":{"name":"(anonymous_7)","decl":{"start":{"line":105,"column":4},"end":{"line":105,"column":9}},"loc":{"start":{"line":105,"column":20},"end":{"line":106,"column":null}},"line":105},"8":{"name":"(anonymous_8)","decl":{"start":{"line":106,"column":27},"end":{"line":106,"column":35}},"loc":{"start":{"line":106,"column":41},"end":{"line":106,"column":53}},"line":106},"9":{"name":"(anonymous_9)","decl":{"start":{"line":109,"column":2},"end":{"line":109,"column":17}},"loc":{"start":{"line":109,"column":24},"end":{"line":109,"column":null}},"line":109},"10":{"name":"(anonymous_10)","decl":{"start":{"line":109,"column":37},"end":{"line":109,"column":43}},"loc":{"start":{"line":109,"column":49},"end":{"line":109,"column":null}},"line":109}},"branchMap":{"0":{"loc":{"start":{"line":100,"column":8},"end":{"line":100,"column":null}},"type":"cond-expr","locations":[{"start":{"line":100,"column":22},"end":{"line":100,"column":40}},{"start":{"line":100,"column":40},"end":{"line":100,"column":null}}],"line":100}},"s":{"0":1,"1":1,"2":1,"3":1,"4":11,"5":11,"6":3,"7":3,"8":3,"9":2,"10":2,"11":3,"12":2,"13":1},"f":{"0":1,"1":11,"2":11,"3":3,"4":3,"5":3,"6":2,"7":2,"8":3,"9":2,"10":1},"b":{"0":[2,1]},"meta":{"lastBranch":1,"lastFunction":11,"lastStatement":14,"seen":{"s:4:31:77:Infinity":0,"s:79:13:79:Infinity":1,"s:89:13:110:3":2,"f:89:29:89:49":0,"s:89:63:110:3":3,"f:92:2:92:13":1,"s:93:4:95:7":4,"f:93:4:93:9":2,"s:93:20:94:Infinity":5,"f:97:2:97:16":3,"s:98:4:102:7":6,"f:98:4:98:9":4,"s:98:20:101:Infinity":7,"f:99:27:99:32":5,"s:100:8:100:Infinity":8,"b:100:22:100:40:100:40:100:Infinity":0,"f:104:2:104:16":6,"s:105:4:107:7":9,"f:105:4:105:9":7,"s:105:20:106:Infinity":10,"f:106:27:106:35":8,"s:106:41:106:53":11,"f:109:2:109:17":9,"s:109:24:109:Infinity":12,"f:109:37:109:43":10,"s:109:49:109:Infinity":13}}}
,"C:\\Users\\Raton\\Desktop\\cursuri_si_seminare\\MPP\\Equitas\\equitas-app\\src\\types\\Horse.ts": {"path":"C:\\Users\\Raton\\Desktop\\cursuri_si_seminare\\MPP\\Equitas\\equitas-app\\src\\types\\Horse.ts","statementMap":{},"fnMap":{},"branchMap":{},"s":{},"f":{},"b":{},"meta":{"lastBranch":0,"lastFunction":0,"lastStatement":0,"seen":{}}}
,"C:\\Users\\Raton\\Desktop\\cursuri_si_seminare\\MPP\\Equitas\\equitas-app\\src\\utils\\Validation.ts": {"path":"C:\\Users\\Raton\\Desktop\\cursuri_si_seminare\\MPP\\Equitas\\equitas-app\\src\\utils\\Validation.ts","statementMap":{"0":{"start":{"line":6,"column":35},"end":{"line":6,"column":37}},"1":{"start":{"line":8,"column":2},"end":{"line":13,"column":null}},"2":{"start":{"line":9,"column":4},"end":{"line":9,"column":null}},"3":{"start":{"line":10,"column":11},"end":{"line":13,"column":null}},"4":{"start":{"line":11,"column":4},"end":{"line":11,"column":null}},"5":{"start":{"line":12,"column":11},"end":{"line":13,"column":null}},"6":{"start":{"line":13,"column":4},"end":{"line":13,"column":null}},"7":{"start":{"line":15,"column":2},"end":{"line":18,"column":null}},"8":{"start":{"line":16,"column":4},"end":{"line":16,"column":null}},"9":{"start":{"line":17,"column":11},"end":{"line":18,"column":null}},"10":{"start":{"line":18,"column":4},"end":{"line":18,"column":null}},"11":{"start":{"line":20,"column":2},"end":{"line":23,"column":null}},"12":{"start":{"line":21,"column":4},"end":{"line":21,"column":null}},"13":{"start":{"line":22,"column":11},"end":{"line":23,"column":null}},"14":{"start":{"line":23,"column":4},"end":{"line":23,"column":null}},"15":{"start":{"line":25,"column":2},"end":{"line":33,"column":null}},"16":{"start":{"line":26,"column":4},"end":{"line":26,"column":null}},"17":{"start":{"line":28,"column":16},"end":{"line":28,"column":42}},"18":{"start":{"line":29,"column":16},"end":{"line":29,"column":26}},"19":{"start":{"line":30,"column":4},"end":{"line":33,"column":null}},"20":{"start":{"line":31,"column":6},"end":{"line":31,"column":null}},"21":{"start":{"line":32,"column":13},"end":{"line":33,"column":null}},"22":{"start":{"line":33,"column":6},"end":{"line":33,"column":null}},"23":{"start":{"line":36,"column":2},"end":{"line":39,"column":null}},"24":{"start":{"line":37,"column":4},"end":{"line":37,"column":null}},"25":{"start":{"line":38,"column":11},"end":{"line":39,"column":null}},"26":{"start":{"line":39,"column":4},"end":{"line":39,"column":null}},"27":{"start":{"line":41,"column":2},"end":{"line":42,"column":null}},"28":{"start":{"line":42,"column":4},"end":{"line":42,"column":null}},"29":{"start":{"line":44,"column":2},"end":{"line":45,"column":null}},"30":{"start":{"line":45,"column":4},"end":{"line":45,"column":null}},"31":{"start":{"line":47,"column":2},"end":{"line":47,"column":null}},"32":{"start":{"line":51,"column":2},"end":{"line":51,"column":null}}},"fnMap":{"0":{"name":"validateHorse","decl":{"start":{"line":5,"column":16},"end":{"line":5,"column":30}},"loc":{"start":{"line":5,"column":69},"end":{"line":47,"column":null}},"line":5},"1":{"name":"isFormValid","decl":{"start":{"line":50,"column":16},"end":{"line":50,"column":28}},"loc":{"start":{"line":50,"column":63},"end":{"line":51,"column":null}},"line":50}},"branchMap":{"0":{"loc":{"start":{"line":8,"column":2},"end":{"line":13,"column":null}},"type":"if","locations":[{"start":{"line":8,"column":2},"end":{"line":13,"column":null}},{"start":{"line":10,"column":11},"end":{"line":13,"column":null}}],"line":8},"1":{"loc":{"start":{"line":10,"column":11},"end":{"line":13,"column":null}},"type":"if","locations":[{"start":{"line":10,"column":11},"end":{"line":13,"column":null}},{"start":{"line":12,"column":11},"end":{"line":13,"column":null}}],"line":10},"2":{"loc":{"start":{"line":12,"column":11},"end":{"line":13,"column":null}},"type":"if","locations":[{"start":{"line":12,"column":11},"end":{"line":13,"column":null}},{"start":{},"end":{}}],"line":12},"3":{"loc":{"start":{"line":15,"column":2},"end":{"line":18,"column":null}},"type":"if","locations":[{"start":{"line":15,"column":2},"end":{"line":18,"column":null}},{"start":{"line":17,"column":11},"end":{"line":18,"column":null}}],"line":15},"4":{"loc":{"start":{"line":17,"column":11},"end":{"line":18,"column":null}},"type":"if","locations":[{"start":{"line":17,"column":11},"end":{"line":18,"column":null}},{"start":{},"end":{}}],"line":17},"5":{"loc":{"start":{"line":20,"column":2},"end":{"line":23,"column":null}},"type":"if","locations":[{"start":{"line":20,"column":2},"end":{"line":23,"column":null}},{"start":{"line":22,"column":11},"end":{"line":23,"column":null}}],"line":20},"6":{"loc":{"start":{"line":20,"column":6},"end":{"line":20,"column":40}},"type":"binary-expr","locations":[{"start":{"line":20,"column":6},"end":{"line":20,"column":22}},{"start":{"line":20,"column":22},"end":{"line":20,"column":40}}],"line":20},"7":{"loc":{"start":{"line":22,"column":11},"end":{"line":23,"column":null}},"type":"if","locations":[{"start":{"line":22,"column":11},"end":{"line":23,"column":null}},{"start":{},"end":{}}],"line":22},"8":{"loc":{"start":{"line":22,"column":11},"end":{"line":22,"column":null}},"type":"binary-expr","locations":[{"start":{"line":22,"column":11},"end":{"line":22,"column":32}},{"start":{"line":22,"column":32},"end":{"line":22,"column":null}}],"line":22},"9":{"loc":{"start":{"line":25,"column":2},"end":{"line":33,"column":null}},"type":"if","locations":[{"start":{"line":25,"column":2},"end":{"line":33,"column":null}},{"start":{"line":27,"column":7},"end":{"line":33,"column":null}}],"line":25},"10":{"loc":{"start":{"line":30,"column":4},"end":{"line":33,"column":null}},"type":"if","locations":[{"start":{"line":30,"column":4},"end":{"line":33,"column":null}},{"start":{"line":32,"column":13},"end":{"line":33,"column":null}}],"line":30},"11":{"loc":{"start":{"line":32,"column":13},"end":{"line":33,"column":null}},"type":"if","locations":[{"start":{"line":32,"column":13},"end":{"line":33,"column":null}},{"start":{},"end":{}}],"line":32},"12":{"loc":{"start":{"line":36,"column":2},"end":{"line":39,"column":null}},"type":"if","locations":[{"start":{"line":36,"column":2},"end":{"line":39,"column":null}},{"start":{"line":38,"column":11},"end":{"line":39,"column":null}}],"line":36},"13":{"loc":{"start":{"line":38,"column":11},"end":{"line":39,"column":null}},"type":"if","locations":[{"start":{"line":38,"column":11},"end":{"line":39,"column":null}},{"start":{},"end":{}}],"line":38},"14":{"loc":{"start":{"line":41,"column":2},"end":{"line":42,"column":null}},"type":"if","locations":[{"start":{"line":41,"column":2},"end":{"line":42,"column":null}},{"start":{},"end":{}}],"line":41},"15":{"loc":{"start":{"line":44,"column":2},"end":{"line":45,"column":null}},"type":"if","locations":[{"start":{"line":44,"column":2},"end":{"line":45,"column":null}},{"start":{},"end":{}}],"line":44}},"s":{"0":21,"1":21,"2":2,"3":19,"4":1,"5":18,"6":1,"7":21,"8":1,"9":20,"10":1,"11":21,"12":1,"13":20,"14":2,"15":21,"16":1,"17":20,"18":20,"19":20,"20":1,"21":19,"22":1,"23":21,"24":1,"25":20,"26":1,"27":21,"28":1,"29":21,"30":1,"31":21,"32":2},"f":{"0":21,"1":2},"b":{"0":[2,19],"1":[1,18],"2":[1,17],"3":[1,20],"4":[1,19],"5":[1,20],"6":[21,20],"7":[2,18],"8":[20,19],"9":[1,20],"10":[1,19],"11":[1,18],"12":[1,20],"13":[1,19],"14":[1,20],"15":[1,20]},"meta":{"lastBranch":16,"lastFunction":2,"lastStatement":33,"seen":{"f:5:16:5:30":0,"s:6:35:6:37":0,"b:8:2:13:Infinity:10:11:13:Infinity":0,"s:8:2:13:Infinity":1,"s:9:4:9:Infinity":2,"b:10:11:13:Infinity:12:11:13:Infinity":1,"s:10:11:13:Infinity":3,"s:11:4:11:Infinity":4,"b:12:11:13:Infinity:undefined:undefined:undefined:undefined":2,"s:12:11:13:Infinity":5,"s:13:4:13:Infinity":6,"b:15:2:18:Infinity:17:11:18:Infinity":3,"s:15:2:18:Infinity":7,"s:16:4:16:Infinity":8,"b:17:11:18:Infinity:undefined:undefined:undefined:undefined":4,"s:17:11:18:Infinity":9,"s:18:4:18:Infinity":10,"b:20:2:23:Infinity:22:11:23:Infinity":5,"s:20:2:23:Infinity":11,"b:20:6:20:22:20:22:20:40":6,"s:21:4:21:Infinity":12,"b:22:11:23:Infinity:undefined:undefined:undefined:undefined":7,"s:22:11:23:Infinity":13,"b:22:11:22:32:22:32:22:Infinity":8,"s:23:4:23:Infinity":14,"b:25:2:33:Infinity:27:7:33:Infinity":9,"s:25:2:33:Infinity":15,"s:26:4:26:Infinity":16,"s:28:16:28:42":17,"s:29:16:29:26":18,"b:30:4:33:Infinity:32:13:33:Infinity":10,"s:30:4:33:Infinity":19,"s:31:6:31:Infinity":20,"b:32:13:33:Infinity:undefined:undefined:undefined:undefined":11,"s:32:13:33:Infinity":21,"s:33:6:33:Infinity":22,"b:36:2:39:Infinity:38:11:39:Infinity":12,"s:36:2:39:Infinity":23,"s:37:4:37:Infinity":24,"b:38:11:39:Infinity:undefined:undefined:undefined:undefined":13,"s:38:11:39:Infinity":25,"s:39:4:39:Infinity":26,"b:41:2:42:Infinity:undefined:undefined:undefined:undefined":14,"s:41:2:42:Infinity":27,"s:42:4:42:Infinity":28,"b:44:2:45:Infinity:undefined:undefined:undefined:undefined":15,"s:44:2:45:Infinity":29,"s:45:4:45:Infinity":30,"s:47:2:47:Infinity":31,"f:50:16:50:28":1,"s:51:2:51:Infinity":32}}}
}
