TN:
SF:src\components\AuthComponents\LoginForm.tsx
FN:9,(anonymous_0)
FN:14,(anonymous_1)
FN:41,(anonymous_2)
FN:51,(anonymous_3)
FNF:4
FNH:0
FNDA:0,(anonymous_0)
FNDA:0,(anonymous_1)
FNDA:0,(anonymous_2)
FNDA:0,(anonymous_3)
DA:9,0
DA:10,0
DA:11,0
DA:12,0
DA:14,0
DA:15,0
DA:16,0
DA:17,0
DA:18,0
DA:20,0
DA:21,0
DA:22,0
DA:24,0
DA:27,0
DA:41,0
DA:51,0
LF:16
LH:0
BRDA:16,0,0,0
BRDA:16,0,1,0
BRDA:16,1,0,0
BRDA:16,1,1,0
BRDA:20,2,0,0
BRDA:20,2,1,0
BRDA:55,3,0,0
BRDA:55,3,1,0
BRF:8
BRH:0
end_of_record
TN:
SF:src\components\AuthComponents\RegisterForm.tsx
FN:10,(anonymous_0)
FN:21,(anonymous_1)
FN:26,(anonymous_2)
FN:107,(anonymous_3)
FNF:4
FNH:4
FNDA:57,(anonymous_0)
FNDA:25,(anonymous_1)
FNDA:9,(anonymous_2)
FNDA:12,(anonymous_3)
DA:10,1
DA:11,57
DA:12,57
DA:19,57
DA:21,57
DA:22,25
DA:23,25
DA:26,57
DA:27,9
DA:30,9
DA:33,9
DA:34,3
DA:35,3
DA:39,6
DA:40,2
DA:41,2
DA:45,4
DA:46,2
DA:47,2
DA:51,2
DA:52,2
DA:53,2
DA:54,1
DA:55,1
DA:58,1
DA:59,1
DA:63,57
DA:107,12
LF:28
LH:28
BRDA:33,0,0,3
BRDA:33,0,1,6
BRDA:33,1,0,9
BRDA:33,1,1,6
BRDA:33,1,2,6
BRDA:33,1,3,6
BRDA:39,2,0,2
BRDA:39,2,1,4
BRDA:45,3,0,2
BRDA:45,3,1,2
BRDA:53,4,0,1
BRDA:53,4,1,1
BRDA:58,5,0,1
BRDA:58,5,1,0
BRDA:100,6,0,57
BRDA:100,6,1,8
BRF:16
BRH:15
end_of_record
TN:
SF:src\components\HorsesComponents\HorseDetailView\HorseDetailView.tsx
FN:31,(anonymous_0)
FN:69,(anonymous_1)
FN:77,(anonymous_2)
FN:131,(anonymous_3)
FN:141,(anonymous_4)
FN:144,(anonymous_5)
FN:155,(anonymous_6)
FN:162,diffBadge
FN:178,(anonymous_8)
FN:190,(anonymous_9)
FN:193,(anonymous_10)
FN:197,(anonymous_11)
FN:200,(anonymous_12)
FN:201,(anonymous_13)
FN:205,(anonymous_14)
FN:207,(anonymous_15)
FN:213,(anonymous_16)
FN:235,(anonymous_17)
FN:277,(anonymous_18)
FN:284,(anonymous_19)
FN:292,(anonymous_20)
FN:307,(anonymous_21)
FNF:22
FNH:15
FNDA:36,(anonymous_0)
FNDA:20,(anonymous_1)
FNDA:20,(anonymous_2)
FNDA:3,(anonymous_3)
FNDA:1,(anonymous_4)
FNDA:1,(anonymous_5)
FNDA:80,(anonymous_6)
FNDA:20,diffBadge
FNDA:22,(anonymous_8)
FNDA:6,(anonymous_9)
FNDA:6,(anonymous_10)
FNDA:6,(anonymous_11)
FNDA:0,(anonymous_12)
FNDA:0,(anonymous_13)
FNDA:4,(anonymous_14)
FNDA:36,(anonymous_15)
FNDA:66,(anonymous_16)
FNDA:0,(anonymous_17)
FNDA:0,(anonymous_18)
FNDA:0,(anonymous_19)
FNDA:0,(anonymous_20)
FNDA:0,(anonymous_21)
DA:24,1
DA:31,1
DA:37,36
DA:38,3
DA:50,33
DA:51,12
DA:63,21
DA:64,20
DA:67,36
DA:69,36
DA:70,20
DA:71,1
DA:72,19
DA:73,19
DA:74,1
DA:77,36
DA:78,20
DA:79,20
DA:83,36
DA:131,3
DA:141,1
DA:144,1
DA:155,1
DA:156,80
DA:163,20
DA:164,20
DA:165,0
DA:178,1
DA:179,22
DA:187,22
DA:188,22
DA:190,22
DA:191,6
DA:192,6
DA:193,6
DA:197,6
DA:200,22
DA:201,0
DA:202,0
DA:205,22
DA:206,4
DA:207,36
DA:208,4
DA:209,4
DA:210,4
DA:213,22
DA:214,66
DA:216,22
DA:235,0
DA:277,0
DA:284,0
DA:292,0
DA:307,0
LF:53
LH:45
BRDA:37,0,0,3
BRDA:37,0,1,33
BRDA:50,1,0,12
BRDA:50,1,1,21
BRDA:50,2,0,33
BRDA:50,2,1,26
BRDA:54,3,0,5
BRDA:54,3,1,7
BRDA:56,4,0,7
BRDA:56,4,1,5
BRDA:53,5,0,5
BRDA:53,5,1,7
BRDA:63,6,0,1
BRDA:63,6,1,20
BRDA:64,7,0,20
BRDA:64,7,1,0
BRDA:70,8,0,1
BRDA:70,8,1,19
BRDA:72,9,0,18
BRDA:72,9,1,1
BRDA:99,10,0,19
BRDA:99,10,1,1
BRDA:129,11,0,17
BRDA:129,11,1,3
BRDA:163,12,0,0
BRDA:163,12,1,20
BRDA:164,13,0,20
BRDA:164,13,1,0
BRDA:180,14,0,7
BRDA:180,14,1,15
BRDA:195,15,0,0
BRDA:195,15,1,6
BRDA:195,16,0,1
BRDA:195,16,1,5
BRDA:210,17,0,2
BRDA:210,17,1,2
BRDA:214,18,0,6
BRDA:214,18,1,60
BRDA:214,19,0,66
BRDA:214,19,1,21
BRDA:222,20,0,7
BRDA:222,20,1,15
BRDA:222,21,0,22
BRDA:222,21,1,7
BRDA:232,22,0,2
BRDA:232,22,1,20
BRDA:232,23,0,22
BRDA:232,23,1,10
BRDA:238,24,0,22
BRDA:238,24,1,10
BRDA:238,24,2,2
BRDA:242,25,0,7
BRDA:242,25,1,15
BRDA:278,26,0,22
BRDA:278,26,1,8
BRDA:278,26,2,2
BRDA:284,27,0,22
BRDA:284,27,1,11
BRDA:286,28,0,22
BRDA:286,28,1,7
BRDA:286,28,2,2
BRDA:294,29,0,22
BRDA:294,29,1,6
BRDA:294,29,2,2
BRDA:306,30,0,2
BRDA:306,30,1,20
BRDA:306,31,0,22
BRDA:306,31,1,5
BRDA:309,32,0,22
BRDA:309,32,1,5
BRDA:309,32,2,2
BRDA:317,33,0,7
BRDA:317,33,1,15
BRF:73
BRH:69
end_of_record
TN:
SF:src\components\HorsesComponents\HorseForm\HorseForm.tsx
FN:24,(anonymous_0)
FN:44,(anonymous_1)
FN:50,(anonymous_2)
FN:55,(anonymous_3)
FN:60,(anonymous_4)
FN:61,(anonymous_5)
FN:66,(anonymous_6)
FN:68,(anonymous_7)
FN:82,(anonymous_8)
FN:101,(anonymous_9)
FN:118,(anonymous_10)
FN:168,(anonymous_11)
FN:188,(anonymous_12)
FN:205,(anonymous_13)
FNF:14
FNH:11
FNDA:28,(anonymous_0)
FNDA:8,(anonymous_1)
FNDA:8,(anonymous_2)
FNDA:8,(anonymous_3)
FNDA:2,(anonymous_4)
FNDA:2,(anonymous_5)
FNDA:5,(anonymous_6)
FNDA:45,(anonymous_7)
FNDA:112,(anonymous_8)
FNDA:1,(anonymous_9)
FNDA:0,(anonymous_10)
FNDA:1,(anonymous_11)
FNDA:0,(anonymous_12)
FNDA:0,(anonymous_13)
DA:12,1
DA:24,1
DA:25,28
DA:41,28
DA:42,28
DA:44,28
DA:47,8
DA:48,8
DA:50,8
DA:55,8
DA:60,28
DA:61,2
DA:62,2
DA:63,2
DA:66,28
DA:67,5
DA:68,5
DA:69,45
DA:72,5
DA:74,5
DA:75,5
DA:77,5
DA:78,3
DA:82,28
DA:83,112
DA:85,28
DA:101,1
DA:118,0
DA:168,1
DA:188,0
DA:205,0
LF:31
LH:28
BRDA:26,0,0,8
BRDA:26,0,1,20
BRDA:52,1,0,0
BRDA:52,1,1,8
BRDA:52,2,0,2
BRDA:52,2,1,6
BRDA:77,3,0,3
BRDA:77,3,1,2
BRDA:83,4,0,10
BRDA:83,4,1,102
BRDA:83,5,0,112
BRDA:83,5,1,39
BRDA:88,6,0,8
BRDA:88,6,1,20
BRDA:104,7,0,28
BRDA:104,7,1,13
BRDA:104,7,2,3
BRDA:121,8,0,28
BRDA:121,8,1,9
BRDA:121,8,2,2
BRDA:132,9,0,0
BRDA:132,9,1,28
BRDA:132,10,0,28
BRDA:132,10,1,5
BRDA:166,11,0,28
BRDA:166,11,1,14
BRDA:173,12,0,28
BRDA:173,12,1,10
BRDA:173,12,2,3
BRDA:191,13,0,28
BRDA:191,13,1,7
BRDA:191,13,2,2
BRDA:202,14,0,2
BRDA:202,14,1,26
BRDA:202,15,0,28
BRDA:202,15,1,6
BRDA:208,16,0,28
BRDA:208,16,1,6
BRDA:208,16,2,2
BRDA:245,17,0,8
BRDA:245,17,1,20
BRF:41
BRH:39
end_of_record
TN:
SF:src\components\HorsesComponents\HorseTable\HorseTable.tsx
FN:14,(anonymous_0)
FN:33,(anonymous_1)
FN:37,(anonymous_2)
FN:61,(anonymous_3)
FN:61,(anonymous_4)
FN:69,(anonymous_5)
FN:69,(anonymous_6)
FN:78,diffBadge
FNF:8
FNH:8
FNDA:19,(anonymous_0)
FNDA:63,(anonymous_1)
FNDA:1,(anonymous_2)
FNDA:1,(anonymous_3)
FNDA:1,(anonymous_4)
FNDA:3,(anonymous_5)
FNDA:3,(anonymous_6)
FNDA:63,diffBadge
DA:12,2
DA:14,2
DA:15,19
DA:18,19
DA:19,19
DA:20,19
DA:22,19
DA:34,63
DA:37,1
DA:61,1
DA:69,3
DA:79,63
DA:80,1
DA:81,1
LF:14
LH:14
BRDA:30,0,0,3
BRDA:30,0,1,16
BRDA:36,1,0,0
BRDA:36,1,1,63
BRDA:79,2,0,62
BRDA:79,2,1,1
BRDA:80,3,0,0
BRDA:80,3,1,1
BRF:8
BRH:6
end_of_record
TN:
SF:src\store\useHorseStore.ts
FN:89,(anonymous_0)
FN:92,(anonymous_1)
FN:93,(anonymous_2)
FN:97,(anonymous_3)
FN:98,(anonymous_4)
FN:99,(anonymous_5)
FN:104,(anonymous_6)
FN:105,(anonymous_7)
FN:106,(anonymous_8)
FN:109,(anonymous_9)
FN:109,(anonymous_10)
FNF:11
FNH:11
FNDA:2,(anonymous_0)
FNDA:24,(anonymous_1)
FNDA:24,(anonymous_2)
FNDA:6,(anonymous_3)
FNDA:6,(anonymous_4)
FNDA:8,(anonymous_5)
FNDA:5,(anonymous_6)
FNDA:5,(anonymous_7)
FNDA:6,(anonymous_8)
FNDA:6,(anonymous_9)
FNDA:4,(anonymous_10)
DA:4,2
DA:79,2
DA:89,2
DA:93,24
DA:98,6
DA:100,8
DA:105,5
DA:106,6
DA:109,6
LF:9
LH:9
BRDA:100,0,0,5
BRDA:100,0,1,3
BRF:2
BRH:2
end_of_record
TN:
SF:src\utils\CookieUtils.ts
FN:6,(anonymous_0)
FN:14,(anonymous_1)
FN:21,(anonymous_2)
FN:28,(anonymous_3)
FN:34,(anonymous_4)
FN:41,(anonymous_5)
FNF:6
FNH:6
FNDA:4,(anonymous_0)
FNDA:4,(anonymous_1)
FNDA:8,(anonymous_2)
FNDA:26,(anonymous_3)
FNDA:4,(anonymous_4)
FNDA:4,(anonymous_5)
DA:6,2
DA:8,4
DA:14,2
DA:15,4
DA:16,4
DA:21,2
DA:22,8
DA:23,8
DA:24,8
DA:25,8
DA:28,2
DA:29,26
DA:30,26
DA:31,26
DA:34,2
DA:36,4
DA:37,3
DA:41,2
DA:42,4
DA:43,4
DA:44,3
DA:45,3
DA:46,3
LF:23
LH:23
BRDA:16,0,0,3
BRDA:16,0,1,1
BRDA:24,1,0,3
BRDA:24,1,1,5
BRDA:31,2,0,4
BRDA:31,2,1,22
BRDA:36,3,0,3
BRDA:36,3,1,1
BRDA:43,4,0,1
BRDA:43,4,1,3
BRF:10
BRH:10
end_of_record
TN:
SF:src\utils\Validation.ts
FN:5,validateHorse
FN:50,isFormValid
FNF:2
FNH:2
FNDA:52,validateHorse
FNDA:12,isFormValid
DA:6,52
DA:8,52
DA:9,10
DA:10,42
DA:11,3
DA:12,39
DA:13,2
DA:15,52
DA:16,10
DA:17,42
DA:18,1
DA:20,52
DA:21,7
DA:22,45
DA:23,4
DA:25,52
DA:26,7
DA:28,45
DA:29,45
DA:30,45
DA:31,1
DA:32,44
DA:33,1
DA:36,52
DA:37,9
DA:38,43
DA:39,1
DA:41,52
DA:42,1
DA:44,52
DA:45,1
DA:47,52
DA:51,12
LF:33
LH:33
BRDA:8,0,0,10
BRDA:8,0,1,42
BRDA:10,1,0,3
BRDA:10,1,1,39
BRDA:12,2,0,2
BRDA:12,2,1,37
BRDA:15,3,0,10
BRDA:15,3,1,42
BRDA:17,4,0,1
BRDA:17,4,1,41
BRDA:20,5,0,7
BRDA:20,5,1,45
BRDA:20,6,0,52
BRDA:20,6,1,45
BRDA:22,7,0,4
BRDA:22,7,1,41
BRDA:22,8,0,45
BRDA:22,8,1,42
BRDA:25,9,0,7
BRDA:25,9,1,45
BRDA:30,10,0,1
BRDA:30,10,1,44
BRDA:32,11,0,1
BRDA:32,11,1,43
BRDA:36,12,0,9
BRDA:36,12,1,43
BRDA:38,13,0,1
BRDA:38,13,1,42
BRDA:41,14,0,1
BRDA:41,14,1,51
BRDA:44,15,0,1
BRDA:44,15,1,51
BRF:32
BRH:32
end_of_record
